<?xml version="1.0" encoding="UTF-8" ?>
<testsuite failures="0" time="0.134" errors="0" skipped="0" tests="3" name="com.novedia.talentmap.store.impl.VSkillDaoTest">
  <properties>
[...]
</properties>
  <testcase time="0.109" classname="com.novedia.talentmap.store.impl.VSkillDaoTest" name="testGetToolByConcept"/>
  <testcase time="0.004" classname="com.novedia.talentmap.store.impl.VSkillDaoTest" name="testGetSkillByTool"/>
  <testcase time="0.018" classname="com.novedia.talentmap.store.impl.VSkillDaoTest" name="testGetConceptByCategory"/>
</testsuite>